<?xml version="1.0" encoding="UTF-8"?>
<!-- Generated by org.testng.reporters.JUnitReportReporter -->
<testsuite hostname="LIN-5CG2081NG2" failures="0" tests="1" name="testCases.TC_001_AccountRegistrationTest" time="1.790" errors="0" timestamp="2024-07-18T15:36:22 IST" skipped="0">
  <testcase classname="testCases.TC_001_AccountRegistrationTest" name="verify_account_registration" time="1.790"/>
</testsuite> <!-- testCases.TC_001_AccountRegistrationTest -->
