<?xml version="1.0" encoding="UTF-8"?>
<!-- Generated by org.testng.reporters.JUnitReportReporter -->
<testsuite hostname="LIN-5CG2081NG2" failures="0" tests="1" name="testCases.TC_002_LoginTest" time="1.173" errors="0" timestamp="2024-07-23T12:26:44 IST" skipped="0">
  <testcase classname="testCases.TC_002_LoginTest" name="verifyLogin" time="1.173"/>
</testsuite> <!-- testCases.TC_002_LoginTest -->
